# JRE version: OpenJDK Runtime Environment (21.0.3+12) (build 21.0.3+12-LTS)
# Java VM: OpenJDK 64-Bit Server VM (21.0.3+12-LTS, mixed mode, sharing, tiered, compressed oops, compressed class ptrs, g1 gc, windows-amd64)
GC Precious Log:
 CardTable entry size: 512
 Card Set container configuration: InlinePtr #cards 5 size 8 Array Of Cards #cards 12 size 40 Howl #buckets 4 coarsen threshold 1843 Howl Bitmap #cards 512 size 80 coarsen threshold 460 Card regions per heap region 1 cards per card region 2048
 CPUs: 16 total, 16 available
 Memory: 7816M
 Large Page Support: Disabled
 NUMA Support: Disabled
 Compressed Oops: Enabled (32-bit)
 Heap Region Size: 1M
 Heap Min Capacity: 8M
 Heap Initial Capacity: 124M
 Heap Max Capacity: 1956M
 Pre-touch: Disabled
 Parallel Workers: 13
 Concurrent Workers: 3
 Concurrent Refinement Workers: 13
 Periodic GC: Disabled
Heap:
 garbage-first heap   total 53248K, used 31462K [0x0000000085c00000, 0x0000000100000000)
  region size 1024K, 6 young (6144K), 2 survivors (2048K)
 Metaspace       used 33888K, committed 34368K, reserved 1114112K
  class space    used 4531K, committed 4736K, reserved 1048576K
GC Heap History (12 events):
Event: 1.054 GC heap before
{Heap before GC invocations=0 (full 0):
 garbage-first heap   total 126976K, used 25600K [0x0000000085c00000, 0x0000000100000000)
  region size 1024K, 23 young (23552K), 0 survivors (0K)
 Metaspace       used 12060K, committed 12352K, reserved 1114112K
  class space    used 1687K, committed 1856K, reserved 1048576K
}
Event: 1.067 GC heap after
{Heap after GC invocations=1 (full 0):
 garbage-first heap   total 126976K, used 7549K [0x0000000085c00000, 0x0000000100000000)
  region size 1024K, 3 young (3072K), 3 survivors (3072K)
 Metaspace       used 12060K, committed 12352K, reserved 1114112K
  class space    used 1687K, committed 1856K, reserved 1048576K
}
Event: 4.735 GC heap before
{Heap before GC invocations=1 (full 0):
 garbage-first heap   total 126976K, used 34173K [0x0000000085c00000, 0x0000000100000000)
  region size 1024K, 29 young (29696K), 3 survivors (3072K)
 Metaspace       used 21152K, committed 21504K, reserved 1114112K
  class space    used 3029K, committed 3200K, reserved 1048576K
}
Event: 4.740 GC heap after
{Heap after GC invocations=2 (full 0):
 garbage-first heap   total 126976K, used 13425K [0x0000000085c00000, 0x0000000100000000)
  region size 1024K, 4 young (4096K), 4 survivors (4096K)
 Metaspace       used 21152K, committed 21504K, reserved 1114112K
  class space    used 3029K, committed 3200K, reserved 1048576K
}
Event: 7.335 GC heap before
{Heap before GC invocations=3 (full 0):
 garbage-first heap   total 51200K, used 42097K [0x0000000085c00000, 0x0000000100000000)
  region size 1024K, 30 young (30720K), 4 survivors (4096K)
 Metaspace       used 25448K, committed 25920K, reserved 1114112K
  class space    used 3570K, committed 3776K, reserved 1048576K
}
Event: 7.341 GC heap after
{Heap after GC invocations=4 (full 0):
 garbage-first heap   total 53248K, used 19170K [0x0000000085c00000, 0x0000000100000000)
  region size 1024K, 4 young (4096K), 4 survivors (4096K)
 Metaspace       used 25448K, committed 25920K, reserved 1114112K
  class space    used 3570K, committed 3776K, reserved 1048576K
}
Event: 8.310 GC heap before
{Heap before GC invocations=4 (full 0):
 garbage-first heap   total 53248K, used 37602K [0x0000000085c00000, 0x0000000100000000)
  region size 1024K, 22 young (22528K), 4 survivors (4096K)
 Metaspace       used 26477K, committed 27008K, reserved 1114112K
  class space    used 3710K, committed 3968K, reserved 1048576K
}
Event: 8.315 GC heap after
{Heap after GC invocations=5 (full 0):
 garbage-first heap   total 53248K, used 24114K [0x0000000085c00000, 0x0000000100000000)
  region size 1024K, 3 young (3072K), 3 survivors (3072K)
 Metaspace       used 26477K, committed 27008K, reserved 1114112K
  class space    used 3710K, committed 3968K, reserved 1048576K
}
Event: 12.554 GC heap before
{Heap before GC invocations=5 (full 0):
 garbage-first heap   total 53248K, used 40498K [0x0000000085c00000, 0x0000000100000000)
  region size 1024K, 19 young (19456K), 3 survivors (3072K)
 Metaspace       used 30646K, committed 31104K, reserved 1114112K
  class space    used 4221K, committed 4480K, reserved 1048576K
}
Event: 12.558 GC heap after
{Heap after GC invocations=6 (full 0):
 garbage-first heap   total 53248K, used 28672K [0x0000000085c00000, 0x0000000100000000)
  region size 1024K, 3 young (3072K), 3 survivors (3072K)
 Metaspace       used 30646K, committed 31104K, reserved 1114112K
  class space    used 4221K, committed 4480K, reserved 1048576K
}
Event: 12.713 GC heap before
{Heap before GC invocations=6 (full 0):
 garbage-first heap   total 53248K, used 40960K [0x0000000085c00000, 0x0000000100000000)
  region size 1024K, 16 young (16384K), 3 survivors (3072K)
 Metaspace       used 31778K, committed 32256K, reserved 1114112K
  class space    used 4323K, committed 4544K, reserved 1048576K
}
Event: 12.716 GC heap after
{Heap after GC invocations=7 (full 0):
 garbage-first heap   total 53248K, used 32486K [0x0000000085c00000, 0x0000000100000000)
  region size 1024K, 2 young (2048K), 2 survivors (2048K)
 Metaspace       used 31778K, committed 32256K, reserved 1114112K
  class space    used 4323K, committed 4544K, reserved 1048576K
}

